<?xml version="1.0" encoding="UTF-8"?>
<testsuite xmlns:xsi="http://www.w3.org/2001/XMLSchema-instance" xsi:noNamespaceSchemaLocation="https://maven.apache.org/surefire/maven-surefire-plugin/xsd/surefire-test-report-3.0.xsd" version="3.0" name="testRunner.TestRunner" time="31.564" tests="6" errors="0" skipped="0" failures="1">
  <properties>
[...]
</properties>
  <testcase name="Successful Login with Valid Credentials" classname="Login with Valid Credentials" time="7.608">
    <system-out><![CDATA[
@sanity
Scenario: Successful Login with Valid Credentials                             # Features/Login.feature:12
  Given User Launch browser                                                   # StepDefinitions.steps.user_launch_browser()
  And opens URL "http://localhost/opencart/upload/"                           # StepDefinitions.steps.opens_url(java.lang.String)
  When User navigate to MyAccount menu                                        # StepDefinitions.steps.user_navigate_to_my_account()
  And click on Login                                                          # StepDefinitions.steps.click_on_login()
  And User enters Email as "vasu_testing@gmail.com" and Password as "test123" # StepDefinitions.steps.user_enters_email_as_and_password_as(java.lang.String,java.lang.String)
  And Click on Login button                                                   # StepDefinitions.steps.click_on_login_button()
  Then User navigates to MyAccount Page                                       # StepDefinitions.steps.user_navigates_to_my_account_page()
Scenario status ======>PASSED
]]></system-out>
    <system-err><![CDATA[SLF4J: Failed to load class "org.slf4j.impl.StaticLoggerBinder".
SLF4J: Defaulting to no-operation (NOP) logger implementation
SLF4J: See http://www.slf4j.org/codes.html#StaticLoggerBinder for further details.
Starting ChromeDriver 108.0.5359.71 (1e0e3868ee06e91ad636a874420e3ca3ae3756ac-refs/branch-heads/5359@{#1016}) on port 40690
Only local connections are allowed.
Please see https://chromedriver.chromium.org/security-considerations for suggestions on keeping ChromeDriver safe.
ChromeDriver was started successfully.
Jan 10, 2023 5:59:18 PM org.openqa.selenium.devtools.CdpVersionFinder findNearestMatch
WARNING: Unable to find an exact match for CDP version 108, so returning the closest version found: 107
]]></system-err>
  </testcase>
  <testcase name="Successful Login with Valid Credentials #1" classname="Login Data Driven" time="4.244">
    <system-out><![CDATA[
@regression
Scenario Outline: Successful Login with Valid Credentials                     # Features/LoginDTT.feature:17
  Given User Launch browser                                                   # StepDefinitions.steps.user_launch_browser()
  And opens URL "http://localhost/opencart/upload/"                           # StepDefinitions.steps.opens_url(java.lang.String)
  When User navigate to MyAccount menu                                        # StepDefinitions.steps.user_navigate_to_my_account()
  And click on Login                                                          # StepDefinitions.steps.click_on_login()
  And User enters Email as "vasu_testing@gmail.com" and Password as "test123" # StepDefinitions.steps.user_enters_email_as_and_password_as(java.lang.String,java.lang.String)
  And Click on Login button                                                   # StepDefinitions.steps.click_on_login_button()
  Then User navigates to MyAccount Page                                       # StepDefinitions.steps.user_navigates_to_my_account_page()
Scenario status ======>PASSED
]]></system-out>
    <system-err><![CDATA[Starting ChromeDriver 108.0.5359.71 (1e0e3868ee06e91ad636a874420e3ca3ae3756ac-refs/branch-heads/5359@{#1016}) on port 24451
Only local connections are allowed.
Please see https://chromedriver.chromium.org/security-considerations for suggestions on keeping ChromeDriver safe.
ChromeDriver was started successfully.
Jan 10, 2023 5:59:22 PM org.openqa.selenium.devtools.CdpVersionFinder findNearestMatch
WARNING: Unable to find an exact match for CDP version 108, so returning the closest version found: 107
]]></system-err>
  </testcase>
  <testcase name="Successful Login with Valid Credentials #2" classname="Login Data Driven" time="4.775">
    <system-out><![CDATA[
@regression
Scenario Outline: Successful Login with Valid Credentials               # Features/LoginDTT.feature:18
  Given User Launch browser                                             # StepDefinitions.steps.user_launch_browser()
  And opens URL "http://localhost/opencart/upload/"                     # StepDefinitions.steps.opens_url(java.lang.String)
  When User navigate to MyAccount menu                                  # StepDefinitions.steps.user_navigate_to_my_account()
  And click on Login                                                    # StepDefinitions.steps.click_on_login()
  And User enters Email as "abc123@gmail.com" and Password as "test123" # StepDefinitions.steps.user_enters_email_as_and_password_as(java.lang.String,java.lang.String)
  And Click on Login button                                             # StepDefinitions.steps.click_on_login_button()
  Then User navigates to MyAccount Page                                 # StepDefinitions.steps.user_navigates_to_my_account_page()
Scenario status ======>PASSED
]]></system-out>
    <system-err><![CDATA[Starting ChromeDriver 108.0.5359.71 (1e0e3868ee06e91ad636a874420e3ca3ae3756ac-refs/branch-heads/5359@{#1016}) on port 10283
Only local connections are allowed.
Please see https://chromedriver.chromium.org/security-considerations for suggestions on keeping ChromeDriver safe.
ChromeDriver was started successfully.
Jan 10, 2023 5:59:27 PM org.openqa.selenium.devtools.CdpVersionFinder findNearestMatch
WARNING: Unable to find an exact match for CDP version 108, so returning the closest version found: 107
]]></system-err>
  </testcase>
  <testcase name="Login Data Driven Excel #1" classname="Login Data Driven with Excel" time="5.826">
    <failure type="java.lang.AssertionError"><![CDATA[java.lang.AssertionError
	at org.junit.Assert.fail(Assert.java:87)
	at org.junit.Assert.assertTrue(Assert.java:42)
	at org.junit.Assert.assertTrue(Assert.java:53)
	at StepDefinitions.steps.check_user_navigates_to_my_account_page_by_passing_email_and_password_with_excel_data(steps.java:167)
	at ✽.check User navigates to MyAccount Page by passing Email and Password with excel row "1"(file:///C:/Users/user/Desktop/eclipse/Opencart_Cucumber_Framework/./Features/LoginDTTExcel.feature:8)
]]></failure>
    <system-out><![CDATA[
@sanity
Scenario Outline: Login Data Driven Excel                                                      # Features/LoginDTTExcel.feature:12
  Given User Launch browser                                                                    # StepDefinitions.steps.user_launch_browser()
  And opens URL "http://localhost/opencart/upload/"                                            # StepDefinitions.steps.opens_url(java.lang.String)
  When User navigate to MyAccount menu                                                         # StepDefinitions.steps.user_navigate_to_my_account()
  And click on Login                                                                           # StepDefinitions.steps.click_on_login()
  Then check User navigates to MyAccount Page by passing Email and Password with excel row "1" # StepDefinitions.steps.check_user_navigates_to_my_account_page_by_passing_email_and_password_with_excel_data(java.lang.String)
      java.lang.AssertionError
	at org.junit.Assert.fail(Assert.java:87)
	at org.junit.Assert.assertTrue(Assert.java:42)
	at org.junit.Assert.assertTrue(Assert.java:53)
	at StepDefinitions.steps.check_user_navigates_to_my_account_page_by_passing_email_and_password_with_excel_data(steps.java:167)
	at ✽.check User navigates to MyAccount Page by passing Email and Password with excel row "1"(file:///C:/Users/user/Desktop/eclipse/Opencart_Cucumber_Framework/./Features/LoginDTTExcel.feature:8)

Scenario status ======>FAILED

    Embedding Login Data Driven Excel [image/png 69933 bytes]

]]></system-out>
    <system-err><![CDATA[Starting ChromeDriver 108.0.5359.71 (1e0e3868ee06e91ad636a874420e3ca3ae3756ac-refs/branch-heads/5359@{#1016}) on port 33960
Only local connections are allowed.
Please see https://chromedriver.chromium.org/security-considerations for suggestions on keeping ChromeDriver safe.
ChromeDriver was started successfully.
Jan 10, 2023 5:59:32 PM org.openqa.selenium.devtools.CdpVersionFinder findNearestMatch
WARNING: Unable to find an exact match for CDP version 108, so returning the closest version found: 107
]]></system-err>
  </testcase>
  <testcase name="Login Data Driven Excel #2" classname="Login Data Driven with Excel" time="3.982">
    <system-out><![CDATA[
@sanity
Scenario Outline: Login Data Driven Excel                                                      # Features/LoginDTTExcel.feature:13
  Given User Launch browser                                                                    # StepDefinitions.steps.user_launch_browser()
  And opens URL "http://localhost/opencart/upload/"                                            # StepDefinitions.steps.opens_url(java.lang.String)
  When User navigate to MyAccount menu                                                         # StepDefinitions.steps.user_navigate_to_my_account()
  And click on Login                                                                           # StepDefinitions.steps.click_on_login()
  Then check User navigates to MyAccount Page by passing Email and Password with excel row "2" # StepDefinitions.steps.check_user_navigates_to_my_account_page_by_passing_email_and_password_with_excel_data(java.lang.String)
Scenario status ======>PASSED
]]></system-out>
    <system-err><![CDATA[Starting ChromeDriver 108.0.5359.71 (1e0e3868ee06e91ad636a874420e3ca3ae3756ac-refs/branch-heads/5359@{#1016}) on port 3834
Only local connections are allowed.
Please see https://chromedriver.chromium.org/security-considerations for suggestions on keeping ChromeDriver safe.
ChromeDriver was started successfully.
Jan 10, 2023 5:59:37 PM org.openqa.selenium.devtools.CdpVersionFinder findNearestMatch
WARNING: Unable to find an exact match for CDP version 108, so returning the closest version found: 107
Jan 10, 2023 5:59:40 PM org.openqa.selenium.remote.http.WebSocket$Listener onError
WARNING: Connection reset
java.net.SocketException: Connection reset
	at java.base/sun.nio.ch.SocketChannelImpl.throwConnectionReset(SocketChannelImpl.java:394)
	at java.base/sun.nio.ch.SocketChannelImpl.read(SocketChannelImpl.java:426)
	at io.netty.buffer.PooledByteBuf.setBytes(PooledByteBuf.java:259)
	at io.netty.buffer.AbstractByteBuf.writeBytes(AbstractByteBuf.java:1132)
	at io.netty.channel.socket.nio.NioSocketChannel.doReadBytes(NioSocketChannel.java:357)
	at io.netty.channel.nio.AbstractNioByteChannel$NioByteUnsafe.read(AbstractNioByteChannel.java:151)
	at io.netty.channel.nio.NioEventLoop.processSelectedKey(NioEventLoop.java:788)
	at io.netty.channel.nio.NioEventLoop.processSelectedKeysOptimized(NioEventLoop.java:724)
	at io.netty.channel.nio.NioEventLoop.processSelectedKeys(NioEventLoop.java:650)
	at io.netty.channel.nio.NioEventLoop.run(NioEventLoop.java:562)
	at io.netty.util.concurrent.SingleThreadEventExecutor$4.run(SingleThreadEventExecutor.java:997)
	at io.netty.util.internal.ThreadExecutorMap$2.run(ThreadExecutorMap.java:74)
	at io.netty.util.concurrent.FastThreadLocalRunnable.run(FastThreadLocalRunnable.java:30)
	at java.base/java.lang.Thread.run(Thread.java:833)

]]></system-err>
  </testcase>
  <testcase name="Login Data Driven Excel #3" classname="Login Data Driven with Excel" time="3.793">
    <system-out><![CDATA[
@sanity
Scenario Outline: Login Data Driven Excel                                                      # Features/LoginDTTExcel.feature:14
  Given User Launch browser                                                                    # StepDefinitions.steps.user_launch_browser()
  And opens URL "http://localhost/opencart/upload/"                                            # StepDefinitions.steps.opens_url(java.lang.String)
  When User navigate to MyAccount menu                                                         # StepDefinitions.steps.user_navigate_to_my_account()
  And click on Login                                                                           # StepDefinitions.steps.click_on_login()
  Then check User navigates to MyAccount Page by passing Email and Password with excel row "3" # StepDefinitions.steps.check_user_navigates_to_my_account_page_by_passing_email_and_password_with_excel_data(java.lang.String)
Scenario status ======>PASSED
]]></system-out>
    <system-err><![CDATA[Starting ChromeDriver 108.0.5359.71 (1e0e3868ee06e91ad636a874420e3ca3ae3756ac-refs/branch-heads/5359@{#1016}) on port 48250
Only local connections are allowed.
Please see https://chromedriver.chromium.org/security-considerations for suggestions on keeping ChromeDriver safe.
ChromeDriver was started successfully.
Jan 10, 2023 5:59:41 PM org.openqa.selenium.devtools.CdpVersionFinder findNearestMatch
WARNING: Unable to find an exact match for CDP version 108, so returning the closest version found: 107
Jan 10, 2023 5:59:44 PM org.openqa.selenium.remote.http.WebSocket$Listener onError
WARNING: Connection reset
java.net.SocketException: Connection reset
	at java.base/sun.nio.ch.SocketChannelImpl.throwConnectionReset(SocketChannelImpl.java:394)
	at java.base/sun.nio.ch.SocketChannelImpl.read(SocketChannelImpl.java:426)
	at io.netty.buffer.PooledByteBuf.setBytes(PooledByteBuf.java:259)
	at io.netty.buffer.AbstractByteBuf.writeBytes(AbstractByteBuf.java:1132)
	at io.netty.channel.socket.nio.NioSocketChannel.doReadBytes(NioSocketChannel.java:357)
	at io.netty.channel.nio.AbstractNioByteChannel$NioByteUnsafe.read(AbstractNioByteChannel.java:151)
	at io.netty.channel.nio.NioEventLoop.processSelectedKey(NioEventLoop.java:788)
	at io.netty.channel.nio.NioEventLoop.processSelectedKeysOptimized(NioEventLoop.java:724)
	at io.netty.channel.nio.NioEventLoop.processSelectedKeys(NioEventLoop.java:650)
	at io.netty.channel.nio.NioEventLoop.run(NioEventLoop.java:562)
	at io.netty.util.concurrent.SingleThreadEventExecutor$4.run(SingleThreadEventExecutor.java:997)
	at io.netty.util.internal.ThreadExecutorMap$2.run(ThreadExecutorMap.java:74)
	at io.netty.util.concurrent.FastThreadLocalRunnable.run(FastThreadLocalRunnable.java:30)
	at java.base/java.lang.Thread.run(Thread.java:833)

]]></system-err>
  </testcase>
</testsuite>